<?xml version="1.0" encoding="UTF-8"?>
<!-- Generated by org.testng.reporters.JUnitXMLReporter -->
<testsuite hostname="DESKTOP-7QD4G53" ignored="0" name="User Credentials" tests="13" failures="0" timestamp="2019-08-27T10:55:48 CDT" time="155.693" errors="0">
  <testcase name="sendFeederUsername" time="1.175" classname="com.royalalliances.mailQueue"/>
  <testcase name="sendFeederPassword" time="1.171" classname="com.royalalliances.mailQueue"/>
  <testcase name="clickSignIn" time="1.983" classname="com.royalalliances.mailQueue"/>
  <testcase name="verifyDashboard" time="3.012" classname="com.royalalliances.mailQueue"/>
  <testcase name="selectRA221" time="8.261" classname="com.royalalliances.mailQueue"/>
  <testcase name="navigateToMailQueue" time="4.876" classname="com.royalalliances.mailQueue"/>
  <testcase name="totalLinksInRAHomePage" time="13.84" classname="com.royalalliances.mailQueue"/>
  <testcase name="uploadFCLetterOnly" time="64.37" classname="com.royalalliances.mailQueue"/>
  <testcase name="shipFile" time="35.535" classname="com.royalalliances.mailQueue"/>
  <testcase name="validateFileIsScheduled" time="2.172" classname="com.royalalliances.mailQueue"/>
  <testcase name="logOut" time="3.038" classname="com.royalalliances.mailQueue"/>
  <testcase name="sendHubUsername" time="1.108" classname="com.royalalliances.mailQueue"/>
  <testcase name="sendHubPassword" time="1.702" classname="com.royalalliances.mailQueue"/>
</testsuite> <!-- User Credentials -->
